[debug] [2023-08-07T15:46:37.977Z] ----------------------------------------------------------------------
[debug] [2023-08-07T15:46:37.981Z] Command:       C:\Program Files\nodejs\node.exe C:\Users\USER\AppData\Roaming\npm\node_modules\firebase-tools\lib\bin\firebase.js emulators:start
[debug] [2023-08-07T15:46:37.982Z] CLI Version:   12.4.6
[debug] [2023-08-07T15:46:37.982Z] Platform:      win32
[debug] [2023-08-07T15:46:37.983Z] Node Version:  v16.17.0
[debug] [2023-08-07T15:46:37.984Z] Time:          Mon Aug 07 2023 16:46:37 GMT+0100 (West Africa Standard Time)
[debug] [2023-08-07T15:46:37.985Z] ----------------------------------------------------------------------
[debug] 
[debug] [2023-08-07T15:46:38.187Z] > command requires scopes: ["email","openid","https://www.googleapis.com/auth/cloudplatformprojects.readonly","https://www.googleapis.com/auth/firebase","https://www.googleapis.com/auth/cloud-platform"]
[debug] [2023-08-07T15:46:38.188Z] > authorizing via signed-in user (oyedokuntaiwo96@gmail.com)
[info] i  emulators: Starting emulators: functions, hosting {"metadata":{"emulator":{"name":"hub"},"message":"Starting emulators: functions, hosting"}}
[debug] [2023-08-07T15:46:38.212Z] [logging] Logging Emulator only supports listening on one address (127.0.0.1). Not listening on ::1
[debug] [2023-08-07T15:46:38.212Z] [hosting] Hosting Emulator only supports listening on one address (127.0.0.1). Not listening on ::1
[debug] [2023-08-07T15:46:38.213Z] assigned listening specs for emulators {"user":{"hub":[{"address":"127.0.0.1","family":"IPv4","port":4400},{"address":"::1","family":"IPv6","port":4400}],"ui":[{"address":"127.0.0.1","family":"IPv4","port":4000},{"address":"::1","family":"IPv6","port":4000}],"logging":[{"address":"127.0.0.1","family":"IPv4","port":4500}],"hosting":[{"address":"127.0.0.1","family":"IPv4","port":5000}]},"metadata":{"message":"assigned listening specs for emulators"}}
[debug] [2023-08-07T15:46:38.231Z] [hub] writing locator at C:\Users\USER\AppData\Local\Temp\hub-clone-d0350.json
[debug] [2023-08-07T15:46:38.325Z] [functions] Functions Emulator only supports listening on one address (127.0.0.1). Not listening on ::1
[debug] [2023-08-07T15:46:38.326Z] [eventarc] Eventarc Emulator only supports listening on one address (127.0.0.1). Not listening on ::1
[debug] [2023-08-07T15:46:38.326Z] late-assigned ports for functions and eventarc emulators {"user":{"hub":[{"address":"127.0.0.1","family":"IPv4","port":4400},{"address":"::1","family":"IPv6","port":4400}],"ui":[{"address":"127.0.0.1","family":"IPv4","port":4000},{"address":"::1","family":"IPv6","port":4000}],"logging":[{"address":"127.0.0.1","family":"IPv4","port":4500}],"hosting":[{"address":"127.0.0.1","family":"IPv4","port":5000}],"functions":[{"address":"127.0.0.1","family":"IPv4","port":5003}],"eventarc":[{"address":"127.0.0.1","family":"IPv4","port":9299}]},"metadata":{"message":"late-assigned ports for functions and eventarc emulators"}}
[warn] !  functions: The following emulators are not running, calls to these services from the Functions emulator will affect production: auth, firestore, database, pubsub, storage {"metadata":{"emulator":{"name":"functions"},"message":"The following emulators are not running, calls to these services from the Functions emulator will affect production: \u001b[1mauth, firestore, database, pubsub, storage\u001b[22m"}}
[debug] [2023-08-07T15:46:38.333Z] defaultcredentials: writing to file C:\Users\USER\AppData\Roaming\firebase\oyedokuntaiwo96_gmail_com_application_default_credentials.json
[debug] [2023-08-07T15:46:38.337Z] Setting GAC to C:\Users\USER\AppData\Roaming\firebase\oyedokuntaiwo96_gmail_com_application_default_credentials.json {"metadata":{"emulator":{"name":"functions"},"message":"Setting GAC to C:\\Users\\USER\\AppData\\Roaming\\firebase\\oyedokuntaiwo96_gmail_com_application_default_credentials.json"}}
[debug] [2023-08-07T15:46:38.340Z] >>> [apiv2][query] GET https://firebase.googleapis.com/v1beta1/projects/clone-d0350/adminSdkConfig [none]
[debug] [2023-08-07T15:46:39.014Z] <<< [apiv2][status] GET https://firebase.googleapis.com/v1beta1/projects/clone-d0350/adminSdkConfig 200
[debug] [2023-08-07T15:46:39.015Z] <<< [apiv2][body] GET https://firebase.googleapis.com/v1beta1/projects/clone-d0350/adminSdkConfig {"projectId":"clone-d0350","storageBucket":"clone-d0350.appspot.com"}
[debug] [2023-08-07T15:46:39.048Z] >>> [apiv2][query] GET https://firebasehosting.googleapis.com/v1beta1/projects/clone-d0350/sites 
[debug] [2023-08-07T15:46:41.640Z] <<< [apiv2][status] GET https://firebasehosting.googleapis.com/v1beta1/projects/clone-d0350/sites 200
[debug] [2023-08-07T15:46:41.640Z] <<< [apiv2][body] GET https://firebasehosting.googleapis.com/v1beta1/projects/clone-d0350/sites {"sites":[{"name":"projects/clone-d0350/sites/clone-d0350","defaultUrl":"https://clone-d0350.web.app","type":"DEFAULT_SITE"}]}
[debug] [2023-08-07T15:46:41.641Z] >>> [apiv2][query] GET https://firebase.googleapis.com/v1beta1/projects/clone-d0350/webApps/-/config [none]
[debug] [2023-08-07T15:46:42.775Z] <<< [apiv2][status] GET https://firebase.googleapis.com/v1beta1/projects/clone-d0350/webApps/-/config 200
[debug] [2023-08-07T15:46:42.776Z] <<< [apiv2][body] GET https://firebase.googleapis.com/v1beta1/projects/clone-d0350/webApps/-/config {"projectId":"clone-d0350","appId":"1:956511189072:web:280cf03e8aa44e60223955","storageBucket":"clone-d0350.appspot.com","apiKey":"AIzaSyBUiboINAR923QNZIZkQTz2UpsnXTdyW_Q","authDomain":"clone-d0350.firebaseapp.com","messagingSenderId":"956511189072","measurementId":"G-57R0MPJ2LV"}
[debug] [2023-08-07T15:46:42.789Z] >>> [apiv2][query] GET https://firebase.googleapis.com/v1beta1/projects/clone-d0350 [none]
[debug] [2023-08-07T15:46:43.500Z] <<< [apiv2][status] GET https://firebase.googleapis.com/v1beta1/projects/clone-d0350 200
[debug] [2023-08-07T15:46:43.500Z] <<< [apiv2][body] GET https://firebase.googleapis.com/v1beta1/projects/clone-d0350 {"projectId":"clone-d0350","projectNumber":"956511189072","displayName":"Amazon-clone","name":"projects/clone-d0350","resources":{"hostingSite":"clone-d0350"},"state":"ACTIVE","etag":"1_ec2f04d6-4064-457f-8c01-e23ed724c039"}
[info] i  hosting[clone-d0350]: Serving hosting files from: build {"metadata":{"emulator":{"name":"hosting"},"message":"Serving hosting files from: \u001b[1mbuild\u001b[22m"}}
[info] +  hosting[clone-d0350]: Local server: http://127.0.0.1:5000 {"metadata":{"emulator":{"name":"hosting"},"message":"Local server: \u001b[4m\u001b[1mhttp://127.0.0.1:5000\u001b[22m\u001b[24m"}}
[debug] [2023-08-07T15:46:43.564Z] Ignoring unsupported arg: auto_download {"metadata":{"emulator":{"name":"ui"},"message":"Ignoring unsupported arg: auto_download"}}
[debug] [2023-08-07T15:46:43.564Z] Ignoring unsupported arg: port {"metadata":{"emulator":{"name":"ui"},"message":"Ignoring unsupported arg: port"}}
[debug] [2023-08-07T15:46:43.564Z] Starting Emulator UI with command {"binary":"node","args":["C:\\Users\\USER\\.cache\\firebase\\emulators\\ui-v1.11.7\\server\\server.js"],"optionalArgs":[],"joinArgs":false} {"metadata":{"emulator":{"name":"ui"},"message":"Starting Emulator UI with command {\"binary\":\"node\",\"args\":[\"C:\\\\Users\\\\USER\\\\.cache\\\\firebase\\\\emulators\\\\ui-v1.11.7\\\\server\\\\server.js\"],\"optionalArgs\":[],\"joinArgs\":false}"}}
[info] i  ui: Emulator UI logging to ui-debug.log {"metadata":{"emulator":{"name":"ui"},"message":"Emulator UI logging to \u001b[1mui-debug.log\u001b[22m"}}
[debug] [2023-08-07T15:46:43.917Z] Web / API server started at 127.0.0.1:4000
 {"metadata":{"emulator":{"name":"ui"},"message":"Web / API server started at 127.0.0.1:4000\n"}}
[debug] [2023-08-07T15:46:43.918Z] Web / API server started at ::1:4000
 {"metadata":{"emulator":{"name":"ui"},"message":"Web / API server started at ::1:4000\n"}}
[info] i  functions: Watching "C:\Users\USER\functions" for Cloud Functions... {"metadata":{"emulator":{"name":"functions"},"message":"Watching \"C:\\Users\\USER\\functions\" for Cloud Functions..."}}
[debug] [2023-08-07T15:46:44.126Z] Validating nodejs source
[warn] !  functions: package.json indicates an outdated version of firebase-functions. Please upgrade using npm install --save firebase-functions@latest in your functions directory. 
[warn] !  functions: Please note that there will be breaking changes when you upgrade. 
[debug] [2023-08-07T15:46:48.288Z] > [functions] package.json contents: {
  "name": "functions",
  "description": "Cloud Functions for Firebase",
  "scripts": {
    "lint": "eslint .",
    "serve": "firebase emulators:start --only functions",
    "shell": "firebase functions:shell",
    "start": "npm run shell",
    "deploy": "firebase deploy --only functions",
    "logs": "firebase functions:log"
  },
  "engines": {
    "node": "10"
  },
  "main": "index.js",
  "dependencies": {
    "cors": "^2.8.5",
    "express": "^4.17.1",
    "firebase-admin": "^8.10.0",
    "firebase-functions": "^3.6.1",
    "stripe": "^8.94.0"
  },
  "devDependencies": {
    "eslint": "^5.12.0",
    "eslint-plugin-promise": "^4.0.1",
    "firebase-functions-test": "^0.2.0"
  },
  "private": true
}
[debug] [2023-08-07T15:46:48.288Z] Building nodejs source
[debug] [2023-08-07T15:46:48.289Z] Failed to find version of module node: reached end of search path C:\Users\USER\functions\node_modules
[warn] !  functions: Your requested "node" version "10" doesn't match your global version "16". Using node@16 from host. 
[warn] !  functions: You are using an old version of firebase-functions SDK (3.11.0). Please update firebase-functions SDK to >=3.20.0 
[info] +  functions: Loaded functions definitions from source: api. {"metadata":{"emulator":{"name":"functions"},"message":"Loaded functions definitions from source: api."}}
[info] +  functions[us-central1-api]: http function initialized (http://127.0.0.1:5003/clone-d0350/us-central1/api). {"metadata":{"emulator":{"name":"functions"},"message":"\u001b[1mhttp\u001b[22m function initialized (http://127.0.0.1:5003/clone-d0350/us-central1/api)."}}
[info] 
┌─────────────────────────────────────────────────────────────┐
│ ✔  All emulators ready! It is now safe to connect your app. │
│ i  View Emulator UI at http://127.0.0.1:4000/               │
└─────────────────────────────────────────────────────────────┘

┌───────────┬────────────────┬─────────────────────────────────┐
│ Emulator  │ Host:Port      │ View in Emulator UI             │
├───────────┼────────────────┼─────────────────────────────────┤
│ Functions │ 127.0.0.1:5003 │ http://127.0.0.1:4000/functions │
├───────────┼────────────────┼─────────────────────────────────┤
│ Hosting   │ 127.0.0.1:5000 │ n/a                             │
└───────────┴────────────────┴─────────────────────────────────┘
  Emulator Hub running at 127.0.0.1:4400
  Other reserved ports: 4500

Issues? Report them at https://github.com/firebase/firebase-tools/issues and attach the *-debug.log files.
 
[debug] [2023-08-07T15:49:53.094Z] [work-queue] {"queuedWork":["/clone-d0350/us-central1/api/payment/create-2023-08-07T15:49:53.094Z"],"queueLength":1,"runningWork":[],"workRunningCount":0}
[debug] [2023-08-07T15:49:53.095Z] [work-queue] {"queuedWork":[],"queueLength":0,"runningWork":["/clone-d0350/us-central1/api/payment/create-2023-08-07T15:49:53.094Z"],"workRunningCount":1}
[debug] [2023-08-07T15:49:53.096Z] Accepted request POST /clone-d0350/us-central1/api/payment/create?total=35099 --> us-central1-api
[debug] [2023-08-07T15:49:53.104Z] [functions] Runtime ready! Sending request! {"metadata":{"emulator":{"name":"functions"},"message":"[functions] Runtime ready! Sending request!"}}
[debug] [2023-08-07T15:49:53.106Z] [functions] Got req.url=/clone-d0350/us-central1/api/payment/create?total=35099, mapping to path=/payment/create?total=35099 {"metadata":{"emulator":{"name":"functions"},"message":"[functions] Got req.url=/clone-d0350/us-central1/api/payment/create?total=35099, mapping to path=/payment/create?total=35099"}}
[debug] [2023-08-07T15:49:53.195Z] [worker-pool] addWorker(us-central1-api) {"metadata":{"emulator":{"name":"functions"},"message":"[worker-pool] addWorker(us-central1-api)"}}
[debug] [2023-08-07T15:49:53.200Z] [worker-pool] Adding worker with key us-central1-api, total=1 {"metadata":{"emulator":{"name":"functions"},"message":"[worker-pool] Adding worker with key us-central1-api, total=1"}}
[debug] [2023-08-07T15:49:53.227Z] [work-queue] {"queuedWork":["/clone-d0350/us-central1/api/payment/create-2023-08-07T15:49:53.226Z"],"queueLength":1,"runningWork":["/clone-d0350/us-central1/api/payment/create-2023-08-07T15:49:53.094Z"],"workRunningCount":1}
[debug] [2023-08-07T15:49:53.230Z] [work-queue] {"queuedWork":[],"queueLength":0,"runningWork":["/clone-d0350/us-central1/api/payment/create-2023-08-07T15:49:53.094Z","/clone-d0350/us-central1/api/payment/create-2023-08-07T15:49:53.226Z"],"workRunningCount":2}
[debug] [2023-08-07T15:49:53.237Z] Accepted request POST /clone-d0350/us-central1/api/payment/create?total=35099 --> us-central1-api
[debug] [2023-08-07T15:49:53.242Z] [functions] Runtime ready! Sending request! {"metadata":{"emulator":{"name":"functions"},"message":"[functions] Runtime ready! Sending request!"}}
[debug] [2023-08-07T15:49:53.243Z] [functions] Got req.url=/clone-d0350/us-central1/api/payment/create?total=35099, mapping to path=/payment/create?total=35099 {"metadata":{"emulator":{"name":"functions"},"message":"[functions] Got req.url=/clone-d0350/us-central1/api/payment/create?total=35099, mapping to path=/payment/create?total=35099"}}
[debug] [2023-08-07T15:49:53.275Z] [worker-pool] addWorker(us-central1-api) {"metadata":{"emulator":{"name":"functions"},"message":"[worker-pool] addWorker(us-central1-api)"}}
[debug] [2023-08-07T15:49:53.275Z] [worker-pool] Adding worker with key us-central1-api, total=2 {"metadata":{"emulator":{"name":"functions"},"message":"[worker-pool] Adding worker with key us-central1-api, total=2"}}
[debug] [2023-08-07T15:49:57.504Z] [runtime-status] [3004] Resolved module firebase-admin {"declared":true,"installed":true,"version":"8.13.0","resolution":"C:\\Users\\USER\\functions\\node_modules\\firebase-admin\\lib\\index.js"} {"metadata":{"emulator":{"name":"functions"},"function":{"name":"us-central1-api"},"extension":{},"message":"[runtime-status] [3004] Resolved module firebase-admin {\"declared\":true,\"installed\":true,\"version\":\"8.13.0\",\"resolution\":\"C:\\\\Users\\\\USER\\\\functions\\\\node_modules\\\\firebase-admin\\\\lib\\\\index.js\"}"}}
[debug] [2023-08-07T15:49:57.505Z] [runtime-status] [12016] Resolved module firebase-admin {"declared":true,"installed":true,"version":"8.13.0","resolution":"C:\\Users\\USER\\functions\\node_modules\\firebase-admin\\lib\\index.js"} {"metadata":{"emulator":{"name":"functions"},"function":{"name":"us-central1-api"},"extension":{},"message":"[runtime-status] [12016] Resolved module firebase-admin {\"declared\":true,\"installed\":true,\"version\":\"8.13.0\",\"resolution\":\"C:\\\\Users\\\\USER\\\\functions\\\\node_modules\\\\firebase-admin\\\\lib\\\\index.js\"}"}}
[debug] [2023-08-07T15:49:57.507Z] [runtime-status] [3004] Resolved module firebase-functions {"declared":true,"installed":true,"version":"3.11.0","resolution":"C:\\Users\\USER\\functions\\node_modules\\firebase-functions\\lib\\index.js"} {"metadata":{"emulator":{"name":"functions"},"function":{"name":"us-central1-api"},"extension":{},"message":"[runtime-status] [3004] Resolved module firebase-functions {\"declared\":true,\"installed\":true,\"version\":\"3.11.0\",\"resolution\":\"C:\\\\Users\\\\USER\\\\functions\\\\node_modules\\\\firebase-functions\\\\lib\\\\index.js\"}"}}
[debug] [2023-08-07T15:49:57.508Z] [runtime-status] [12016] Resolved module firebase-functions {"declared":true,"installed":true,"version":"3.11.0","resolution":"C:\\Users\\USER\\functions\\node_modules\\firebase-functions\\lib\\index.js"} {"metadata":{"emulator":{"name":"functions"},"function":{"name":"us-central1-api"},"extension":{},"message":"[runtime-status] [12016] Resolved module firebase-functions {\"declared\":true,\"installed\":true,\"version\":\"3.11.0\",\"resolution\":\"C:\\\\Users\\\\USER\\\\functions\\\\node_modules\\\\firebase-functions\\\\lib\\\\index.js\"}"}}
[warn] !  The Cloud Functions emulator requires the module "firebase-functions" to be version >3.13.1 so your version is too old. You can probably fix this by running "npm install firebase-functions@latest" in your functions directory. {"metadata":{"emulator":{"name":"functions"},"function":{"name":"us-central1-api"},"extension":{},"message":"The Cloud Functions emulator requires the module \"firebase-functions\" to be version >3.13.1 so your version is too old. You can probably fix this by running \"npm install firebase-functions@latest\" in your functions directory."}}
[info] i  functions: Your functions could not be parsed due to an issue with your node_modules (see above) {"metadata":{"emulator":{"name":"functions"},"function":{"name":"us-central1-api"},"extension":{},"message":"Your functions could not be parsed due to an issue with your node_modules (see above)"}}
[warn] !  The Cloud Functions emulator requires the module "firebase-functions" to be version >3.13.1 so your version is too old. You can probably fix this by running "npm install firebase-functions@latest" in your functions directory. {"metadata":{"emulator":{"name":"functions"},"function":{"name":"us-central1-api"},"extension":{},"message":"The Cloud Functions emulator requires the module \"firebase-functions\" to be version >3.13.1 so your version is too old. You can probably fix this by running \"npm install firebase-functions@latest\" in your functions directory."}}
[info] i  functions: Your functions could not be parsed due to an issue with your node_modules (see above) {"metadata":{"emulator":{"name":"functions"},"function":{"name":"us-central1-api"},"extension":{},"message":"Your functions could not be parsed due to an issue with your node_modules (see above)"}}
[debug] [2023-08-07T15:49:58.002Z] [runtime-status] [12016] Functions runtime initialized. {"cwd":"C:\\Users\\USER\\functions","node_version":"16.17.0"} {"metadata":{"emulator":{"name":"functions"},"function":{"name":"us-central1-api"},"extension":{},"message":"[runtime-status] [12016] Functions runtime initialized. {\"cwd\":\"C:\\\\Users\\\\USER\\\\functions\",\"node_version\":\"16.17.0\"}"}}
[debug] [2023-08-07T15:49:58.003Z] [runtime-status] [3004] Functions runtime initialized. {"cwd":"C:\\Users\\USER\\functions","node_version":"16.17.0"} {"metadata":{"emulator":{"name":"functions"},"function":{"name":"us-central1-api"},"extension":{},"message":"[runtime-status] [3004] Functions runtime initialized. {\"cwd\":\"C:\\\\Users\\\\USER\\\\functions\",\"node_version\":\"16.17.0\"}"}}
[debug] [2023-08-07T15:49:58.004Z] [runtime-status] [3004] Listening to port: \\?\pipe\fire_emu_0ab4adac3131a7ed {"metadata":{"emulator":{"name":"functions"},"function":{"name":"us-central1-api"},"extension":{},"message":"[runtime-status] [3004] Listening to port: \\\\?\\pipe\\fire_emu_0ab4adac3131a7ed"}}
[debug] [2023-08-07T15:49:58.004Z] [runtime-status] [12016] Listening to port: \\?\pipe\fire_emu_8c16eb1c29b77318 {"metadata":{"emulator":{"name":"functions"},"function":{"name":"us-central1-api"},"extension":{},"message":"[runtime-status] [12016] Listening to port: \\\\?\\pipe\\fire_emu_8c16eb1c29b77318"}}
[debug] [2023-08-07T15:49:58.073Z] [worker-us-central1-api-ee89925d-aa03-4c2e-ab6c-d6750573f720]: IDLE {"metadata":{"emulator":{"name":"functions"},"function":{"name":"us-central1-api"},"extension":{},"message":"[worker-us-central1-api-ee89925d-aa03-4c2e-ab6c-d6750573f720]: IDLE"}}
[debug] [2023-08-07T15:49:58.073Z] [worker-pool] submitRequest(triggerId=us-central1-api) {"metadata":{"emulator":{"name":"functions"},"message":"[worker-pool] submitRequest(triggerId=us-central1-api)"}}
[info] i  functions: Beginning execution of "us-central1-api" {"metadata":{"emulator":{"name":"functions"},"function":{"name":"us-central1-api"},"extension":{},"message":"Beginning execution of \"us-central1-api\""}}
[debug] [2023-08-07T15:49:58.075Z] [worker-us-central1-api-ee89925d-aa03-4c2e-ab6c-d6750573f720]: BUSY {"metadata":{"emulator":{"name":"functions"},"function":{"name":"us-central1-api"},"extension":{},"message":"[worker-us-central1-api-ee89925d-aa03-4c2e-ab6c-d6750573f720]: BUSY"}}
[debug] [2023-08-07T15:49:58.082Z] [worker-us-central1-api-71de2e99-c85d-4ecf-ac3e-9bb4c0c8a83f]: IDLE {"metadata":{"emulator":{"name":"functions"},"function":{"name":"us-central1-api"},"extension":{},"message":"[worker-us-central1-api-71de2e99-c85d-4ecf-ac3e-9bb4c0c8a83f]: IDLE"}}
[debug] [2023-08-07T15:49:58.082Z] [worker-pool] submitRequest(triggerId=us-central1-api) {"metadata":{"emulator":{"name":"functions"},"message":"[worker-pool] submitRequest(triggerId=us-central1-api)"}}
[info] i  functions: Beginning execution of "us-central1-api" {"metadata":{"emulator":{"name":"functions"},"function":{"name":"us-central1-api"},"extension":{},"message":"Beginning execution of \"us-central1-api\""}}
[debug] [2023-08-07T15:49:58.084Z] [worker-us-central1-api-71de2e99-c85d-4ecf-ac3e-9bb4c0c8a83f]: BUSY {"metadata":{"emulator":{"name":"functions"},"function":{"name":"us-central1-api"},"extension":{},"message":"[worker-us-central1-api-71de2e99-c85d-4ecf-ac3e-9bb4c0c8a83f]: BUSY"}}
[debug] [2023-08-07T15:49:58.096Z] Finishing up request with event=pause {"metadata":{"emulator":{"name":"functions"},"function":{"name":"us-central1-api"},"extension":{},"message":"Finishing up request with event=pause"}}
[info] i  functions: Finished "us-central1-api" in 21.3391ms {"metadata":{"emulator":{"name":"functions"},"function":{"name":"us-central1-api"},"extension":{},"message":"Finished \"us-central1-api\" in 21.3391ms"}}
[debug] [2023-08-07T15:49:58.099Z] [worker-us-central1-api-ee89925d-aa03-4c2e-ab6c-d6750573f720]: IDLE {"metadata":{"emulator":{"name":"functions"},"function":{"name":"us-central1-api"},"extension":{},"message":"[worker-us-central1-api-ee89925d-aa03-4c2e-ab6c-d6750573f720]: IDLE"}}
[debug] [2023-08-07T15:49:58.099Z] Finishing up request with event=finish {"metadata":{"emulator":{"name":"functions"},"function":{"name":"us-central1-api"},"extension":{},"message":"Finishing up request with event=finish"}}
[debug] [2023-08-07T15:49:58.100Z] Finishing up request with event=close {"metadata":{"emulator":{"name":"functions"},"function":{"name":"us-central1-api"},"extension":{},"message":"Finishing up request with event=close"}}
[debug] [2023-08-07T15:49:58.100Z] [work-queue] {"queuedWork":[],"queueLength":0,"runningWork":["/clone-d0350/us-central1/api/payment/create-2023-08-07T15:49:53.094Z"],"workRunningCount":1}
[debug] [2023-08-07T15:49:58.108Z] Finishing up request with event=pause {"metadata":{"emulator":{"name":"functions"},"function":{"name":"us-central1-api"},"extension":{},"message":"Finishing up request with event=pause"}}
[info] i  functions: Finished "us-central1-api" in 24.4275ms {"metadata":{"emulator":{"name":"functions"},"function":{"name":"us-central1-api"},"extension":{},"message":"Finished \"us-central1-api\" in 24.4275ms"}}
[debug] [2023-08-07T15:49:58.112Z] [worker-us-central1-api-71de2e99-c85d-4ecf-ac3e-9bb4c0c8a83f]: IDLE {"metadata":{"emulator":{"name":"functions"},"function":{"name":"us-central1-api"},"extension":{},"message":"[worker-us-central1-api-71de2e99-c85d-4ecf-ac3e-9bb4c0c8a83f]: IDLE"}}
[debug] [2023-08-07T15:49:58.112Z] Finishing up request with event=finish {"metadata":{"emulator":{"name":"functions"},"function":{"name":"us-central1-api"},"extension":{},"message":"Finishing up request with event=finish"}}
[debug] [2023-08-07T15:49:58.113Z] Finishing up request with event=close {"metadata":{"emulator":{"name":"functions"},"function":{"name":"us-central1-api"},"extension":{},"message":"Finishing up request with event=close"}}
[debug] [2023-08-07T15:49:58.114Z] [work-queue] {"queuedWork":[],"queueLength":0,"runningWork":[],"workRunningCount":0}
[debug] [2023-08-07T15:50:24.779Z] [work-queue] {"queuedWork":["/clone-d0350/us-central1/api-2023-08-07T15:50:24.779Z"],"queueLength":1,"runningWork":[],"workRunningCount":0}
[debug] [2023-08-07T15:50:24.780Z] [work-queue] {"queuedWork":[],"queueLength":0,"runningWork":["/clone-d0350/us-central1/api-2023-08-07T15:50:24.779Z"],"workRunningCount":1}
[debug] [2023-08-07T15:50:24.780Z] Accepted request GET /clone-d0350/us-central1/api --> us-central1-api
[debug] [2023-08-07T15:50:24.790Z] [functions] Runtime ready! Sending request! {"metadata":{"emulator":{"name":"functions"},"message":"[functions] Runtime ready! Sending request!"}}
[debug] [2023-08-07T15:50:24.790Z] [functions] Got req.url=/clone-d0350/us-central1/api, mapping to path=/ {"metadata":{"emulator":{"name":"functions"},"message":"[functions] Got req.url=/clone-d0350/us-central1/api, mapping to path=/"}}
[debug] [2023-08-07T15:50:24.791Z] [worker-pool] submitRequest(triggerId=us-central1-api) {"metadata":{"emulator":{"name":"functions"},"message":"[worker-pool] submitRequest(triggerId=us-central1-api)"}}
[info] i  functions: Beginning execution of "us-central1-api" {"metadata":{"emulator":{"name":"functions"},"function":{"name":"us-central1-api"},"extension":{},"message":"Beginning execution of \"us-central1-api\""}}
[debug] [2023-08-07T15:50:24.792Z] [worker-us-central1-api-71de2e99-c85d-4ecf-ac3e-9bb4c0c8a83f]: BUSY {"metadata":{"emulator":{"name":"functions"},"function":{"name":"us-central1-api"},"extension":{},"message":"[worker-us-central1-api-71de2e99-c85d-4ecf-ac3e-9bb4c0c8a83f]: BUSY"}}
[debug] [2023-08-07T15:50:24.811Z] Finishing up request with event=pause {"metadata":{"emulator":{"name":"functions"},"function":{"name":"us-central1-api"},"extension":{},"message":"Finishing up request with event=pause"}}
[info] i  functions: Finished "us-central1-api" in 18.9916ms {"metadata":{"emulator":{"name":"functions"},"function":{"name":"us-central1-api"},"extension":{},"message":"Finished \"us-central1-api\" in 18.9916ms"}}
[debug] [2023-08-07T15:50:24.812Z] [worker-us-central1-api-71de2e99-c85d-4ecf-ac3e-9bb4c0c8a83f]: IDLE {"metadata":{"emulator":{"name":"functions"},"function":{"name":"us-central1-api"},"extension":{},"message":"[worker-us-central1-api-71de2e99-c85d-4ecf-ac3e-9bb4c0c8a83f]: IDLE"}}
[debug] [2023-08-07T15:50:24.813Z] Finishing up request with event=finish {"metadata":{"emulator":{"name":"functions"},"function":{"name":"us-central1-api"},"extension":{},"message":"Finishing up request with event=finish"}}
[debug] [2023-08-07T15:50:24.813Z] Finishing up request with event=close {"metadata":{"emulator":{"name":"functions"},"function":{"name":"us-central1-api"},"extension":{},"message":"Finishing up request with event=close"}}
[debug] [2023-08-07T15:50:24.813Z] [work-queue] {"queuedWork":[],"queueLength":0,"runningWork":[],"workRunningCount":0}
[debug] [2023-08-07T18:23:02.348Z] [work-queue] {"queuedWork":["/clone-d0350/us-central1/api/payment/create-2023-08-07T18:23:02.348Z"],"queueLength":1,"runningWork":[],"workRunningCount":0}
[debug] [2023-08-07T18:23:02.348Z] [work-queue] {"queuedWork":[],"queueLength":0,"runningWork":["/clone-d0350/us-central1/api/payment/create-2023-08-07T18:23:02.348Z"],"workRunningCount":1}
[debug] [2023-08-07T18:23:02.349Z] Accepted request POST /clone-d0350/us-central1/api/payment/create?total=35099 --> us-central1-api
[debug] [2023-08-07T18:23:02.366Z] [functions] Runtime ready! Sending request! {"metadata":{"emulator":{"name":"functions"},"message":"[functions] Runtime ready! Sending request!"}}
[debug] [2023-08-07T18:23:02.367Z] [functions] Got req.url=/clone-d0350/us-central1/api/payment/create?total=35099, mapping to path=/payment/create?total=35099 {"metadata":{"emulator":{"name":"functions"},"message":"[functions] Got req.url=/clone-d0350/us-central1/api/payment/create?total=35099, mapping to path=/payment/create?total=35099"}}
[debug] [2023-08-07T18:23:02.367Z] [worker-pool] submitRequest(triggerId=us-central1-api) {"metadata":{"emulator":{"name":"functions"},"message":"[worker-pool] submitRequest(triggerId=us-central1-api)"}}
[info] i  functions: Beginning execution of "us-central1-api" {"metadata":{"emulator":{"name":"functions"},"function":{"name":"us-central1-api"},"extension":{},"message":"Beginning execution of \"us-central1-api\""}}
[debug] [2023-08-07T18:23:02.369Z] [worker-us-central1-api-71de2e99-c85d-4ecf-ac3e-9bb4c0c8a83f]: BUSY {"metadata":{"emulator":{"name":"functions"},"function":{"name":"us-central1-api"},"extension":{},"message":"[worker-us-central1-api-71de2e99-c85d-4ecf-ac3e-9bb4c0c8a83f]: BUSY"}}
[debug] [2023-08-07T18:23:02.382Z] [work-queue] {"queuedWork":["/clone-d0350/us-central1/api/payment/create-2023-08-07T18:23:02.382Z"],"queueLength":1,"runningWork":["/clone-d0350/us-central1/api/payment/create-2023-08-07T18:23:02.348Z"],"workRunningCount":1}
[debug] [2023-08-07T18:23:02.390Z] [work-queue] {"queuedWork":[],"queueLength":0,"runningWork":["/clone-d0350/us-central1/api/payment/create-2023-08-07T18:23:02.348Z","/clone-d0350/us-central1/api/payment/create-2023-08-07T18:23:02.382Z"],"workRunningCount":2}
[debug] [2023-08-07T18:23:02.390Z] Accepted request POST /clone-d0350/us-central1/api/payment/create?total=35099 --> us-central1-api
[debug] [2023-08-07T18:23:02.396Z] [functions] Runtime ready! Sending request! {"metadata":{"emulator":{"name":"functions"},"message":"[functions] Runtime ready! Sending request!"}}
[debug] [2023-08-07T18:23:02.397Z] [functions] Got req.url=/clone-d0350/us-central1/api/payment/create?total=35099, mapping to path=/payment/create?total=35099 {"metadata":{"emulator":{"name":"functions"},"message":"[functions] Got req.url=/clone-d0350/us-central1/api/payment/create?total=35099, mapping to path=/payment/create?total=35099"}}
[debug] [2023-08-07T18:23:02.397Z] [worker-pool] submitRequest(triggerId=us-central1-api) {"metadata":{"emulator":{"name":"functions"},"message":"[worker-pool] submitRequest(triggerId=us-central1-api)"}}
[info] i  functions: Beginning execution of "us-central1-api" {"metadata":{"emulator":{"name":"functions"},"function":{"name":"us-central1-api"},"extension":{},"message":"Beginning execution of \"us-central1-api\""}}
[debug] [2023-08-07T18:23:02.400Z] [worker-us-central1-api-ee89925d-aa03-4c2e-ab6c-d6750573f720]: BUSY {"metadata":{"emulator":{"name":"functions"},"function":{"name":"us-central1-api"},"extension":{},"message":"[worker-us-central1-api-ee89925d-aa03-4c2e-ab6c-d6750573f720]: BUSY"}}
[debug] [2023-08-07T18:23:02.412Z] Finishing up request with event=pause {"metadata":{"emulator":{"name":"functions"},"function":{"name":"us-central1-api"},"extension":{},"message":"Finishing up request with event=pause"}}
[info] i  functions: Finished "us-central1-api" in 42.6578ms {"metadata":{"emulator":{"name":"functions"},"function":{"name":"us-central1-api"},"extension":{},"message":"Finished \"us-central1-api\" in 42.6578ms"}}
[debug] [2023-08-07T18:23:02.414Z] [worker-us-central1-api-71de2e99-c85d-4ecf-ac3e-9bb4c0c8a83f]: IDLE {"metadata":{"emulator":{"name":"functions"},"function":{"name":"us-central1-api"},"extension":{},"message":"[worker-us-central1-api-71de2e99-c85d-4ecf-ac3e-9bb4c0c8a83f]: IDLE"}}
[debug] [2023-08-07T18:23:02.414Z] Finishing up request with event=finish {"metadata":{"emulator":{"name":"functions"},"function":{"name":"us-central1-api"},"extension":{},"message":"Finishing up request with event=finish"}}
[debug] [2023-08-07T18:23:02.415Z] Finishing up request with event=close {"metadata":{"emulator":{"name":"functions"},"function":{"name":"us-central1-api"},"extension":{},"message":"Finishing up request with event=close"}}
[debug] [2023-08-07T18:23:02.415Z] [work-queue] {"queuedWork":[],"queueLength":0,"runningWork":["/clone-d0350/us-central1/api/payment/create-2023-08-07T18:23:02.382Z"],"workRunningCount":1}
[debug] [2023-08-07T18:23:02.419Z] Finishing up request with event=pause {"metadata":{"emulator":{"name":"functions"},"function":{"name":"us-central1-api"},"extension":{},"message":"Finishing up request with event=pause"}}
[info] i  functions: Finished "us-central1-api" in 19.2747ms {"metadata":{"emulator":{"name":"functions"},"function":{"name":"us-central1-api"},"extension":{},"message":"Finished \"us-central1-api\" in 19.2747ms"}}
[debug] [2023-08-07T18:23:02.423Z] [worker-us-central1-api-ee89925d-aa03-4c2e-ab6c-d6750573f720]: IDLE {"metadata":{"emulator":{"name":"functions"},"function":{"name":"us-central1-api"},"extension":{},"message":"[worker-us-central1-api-ee89925d-aa03-4c2e-ab6c-d6750573f720]: IDLE"}}
[debug] [2023-08-07T18:23:02.424Z] Finishing up request with event=finish {"metadata":{"emulator":{"name":"functions"},"function":{"name":"us-central1-api"},"extension":{},"message":"Finishing up request with event=finish"}}
[debug] [2023-08-07T18:23:02.424Z] Finishing up request with event=close {"metadata":{"emulator":{"name":"functions"},"function":{"name":"us-central1-api"},"extension":{},"message":"Finishing up request with event=close"}}
[debug] [2023-08-07T18:23:02.425Z] [work-queue] {"queuedWork":[],"queueLength":0,"runningWork":[],"workRunningCount":0}
[debug] [2023-08-07T20:49:08.742Z] [work-queue] {"queuedWork":["/clone-d0350/us-central1/api/payment/create-2023-08-07T20:49:08.740Z"],"queueLength":1,"runningWork":[],"workRunningCount":0}
[debug] [2023-08-07T20:49:08.760Z] [work-queue] {"queuedWork":[],"queueLength":0,"runningWork":["/clone-d0350/us-central1/api/payment/create-2023-08-07T20:49:08.740Z"],"workRunningCount":1}
[debug] [2023-08-07T20:49:08.763Z] Accepted request POST /clone-d0350/us-central1/api/payment/create?total=36698 --> us-central1-api
[debug] [2023-08-07T20:49:08.791Z] [functions] Runtime ready! Sending request! {"metadata":{"emulator":{"name":"functions"},"message":"[functions] Runtime ready! Sending request!"}}
[debug] [2023-08-07T20:49:08.794Z] [functions] Got req.url=/clone-d0350/us-central1/api/payment/create?total=36698, mapping to path=/payment/create?total=36698 {"metadata":{"emulator":{"name":"functions"},"message":"[functions] Got req.url=/clone-d0350/us-central1/api/payment/create?total=36698, mapping to path=/payment/create?total=36698"}}
[debug] [2023-08-07T20:49:08.798Z] [worker-pool] submitRequest(triggerId=us-central1-api) {"metadata":{"emulator":{"name":"functions"},"message":"[worker-pool] submitRequest(triggerId=us-central1-api)"}}
[info] i  functions: Beginning execution of "us-central1-api" {"metadata":{"emulator":{"name":"functions"},"function":{"name":"us-central1-api"},"extension":{},"message":"Beginning execution of \"us-central1-api\""}}
[debug] [2023-08-07T20:49:08.803Z] [worker-us-central1-api-71de2e99-c85d-4ecf-ac3e-9bb4c0c8a83f]: BUSY {"metadata":{"emulator":{"name":"functions"},"function":{"name":"us-central1-api"},"extension":{},"message":"[worker-us-central1-api-71de2e99-c85d-4ecf-ac3e-9bb4c0c8a83f]: BUSY"}}
[debug] [2023-08-07T20:49:08.814Z] [work-queue] {"queuedWork":["/clone-d0350/us-central1/api/payment/create-2023-08-07T20:49:08.813Z"],"queueLength":1,"runningWork":["/clone-d0350/us-central1/api/payment/create-2023-08-07T20:49:08.740Z"],"workRunningCount":1}
[debug] [2023-08-07T20:49:08.814Z] [work-queue] {"queuedWork":[],"queueLength":0,"runningWork":["/clone-d0350/us-central1/api/payment/create-2023-08-07T20:49:08.740Z","/clone-d0350/us-central1/api/payment/create-2023-08-07T20:49:08.813Z"],"workRunningCount":2}
[debug] [2023-08-07T20:49:08.815Z] Accepted request POST /clone-d0350/us-central1/api/payment/create?total=36698 --> us-central1-api
[debug] [2023-08-07T20:49:08.817Z] [functions] Runtime ready! Sending request! {"metadata":{"emulator":{"name":"functions"},"message":"[functions] Runtime ready! Sending request!"}}
[debug] [2023-08-07T20:49:08.818Z] [functions] Got req.url=/clone-d0350/us-central1/api/payment/create?total=36698, mapping to path=/payment/create?total=36698 {"metadata":{"emulator":{"name":"functions"},"message":"[functions] Got req.url=/clone-d0350/us-central1/api/payment/create?total=36698, mapping to path=/payment/create?total=36698"}}
[debug] [2023-08-07T20:49:08.818Z] [worker-pool] submitRequest(triggerId=us-central1-api) {"metadata":{"emulator":{"name":"functions"},"message":"[worker-pool] submitRequest(triggerId=us-central1-api)"}}
[info] i  functions: Beginning execution of "us-central1-api" {"metadata":{"emulator":{"name":"functions"},"function":{"name":"us-central1-api"},"extension":{},"message":"Beginning execution of \"us-central1-api\""}}
[debug] [2023-08-07T20:49:08.819Z] [worker-us-central1-api-ee89925d-aa03-4c2e-ab6c-d6750573f720]: BUSY {"metadata":{"emulator":{"name":"functions"},"function":{"name":"us-central1-api"},"extension":{},"message":"[worker-us-central1-api-ee89925d-aa03-4c2e-ab6c-d6750573f720]: BUSY"}}
[debug] [2023-08-07T20:49:08.855Z] Finishing up request with event=pause {"metadata":{"emulator":{"name":"functions"},"function":{"name":"us-central1-api"},"extension":{},"message":"Finishing up request with event=pause"}}
[info] i  functions: Finished "us-central1-api" in 52.5905ms {"metadata":{"emulator":{"name":"functions"},"function":{"name":"us-central1-api"},"extension":{},"message":"Finished \"us-central1-api\" in 52.5905ms"}}
[debug] [2023-08-07T20:49:08.858Z] [worker-us-central1-api-71de2e99-c85d-4ecf-ac3e-9bb4c0c8a83f]: IDLE {"metadata":{"emulator":{"name":"functions"},"function":{"name":"us-central1-api"},"extension":{},"message":"[worker-us-central1-api-71de2e99-c85d-4ecf-ac3e-9bb4c0c8a83f]: IDLE"}}
[debug] [2023-08-07T20:49:08.858Z] Finishing up request with event=finish {"metadata":{"emulator":{"name":"functions"},"function":{"name":"us-central1-api"},"extension":{},"message":"Finishing up request with event=finish"}}
[debug] [2023-08-07T20:49:08.859Z] Finishing up request with event=close {"metadata":{"emulator":{"name":"functions"},"function":{"name":"us-central1-api"},"extension":{},"message":"Finishing up request with event=close"}}
[debug] [2023-08-07T20:49:08.859Z] [work-queue] {"queuedWork":[],"queueLength":0,"runningWork":["/clone-d0350/us-central1/api/payment/create-2023-08-07T20:49:08.813Z"],"workRunningCount":1}
[debug] [2023-08-07T20:49:08.865Z] Finishing up request with event=pause {"metadata":{"emulator":{"name":"functions"},"function":{"name":"us-central1-api"},"extension":{},"message":"Finishing up request with event=pause"}}
[info] i  functions: Finished "us-central1-api" in 46.0708ms {"metadata":{"emulator":{"name":"functions"},"function":{"name":"us-central1-api"},"extension":{},"message":"Finished \"us-central1-api\" in 46.0708ms"}}
[debug] [2023-08-07T20:49:08.866Z] [worker-us-central1-api-ee89925d-aa03-4c2e-ab6c-d6750573f720]: IDLE {"metadata":{"emulator":{"name":"functions"},"function":{"name":"us-central1-api"},"extension":{},"message":"[worker-us-central1-api-ee89925d-aa03-4c2e-ab6c-d6750573f720]: IDLE"}}
[debug] [2023-08-07T20:49:08.867Z] Finishing up request with event=finish {"metadata":{"emulator":{"name":"functions"},"function":{"name":"us-central1-api"},"extension":{},"message":"Finishing up request with event=finish"}}
[debug] [2023-08-07T20:49:08.867Z] Finishing up request with event=close {"metadata":{"emulator":{"name":"functions"},"function":{"name":"us-central1-api"},"extension":{},"message":"Finishing up request with event=close"}}
[debug] [2023-08-07T20:49:08.867Z] [work-queue] {"queuedWork":[],"queueLength":0,"runningWork":[],"workRunningCount":0}
